#
# There is insufficient memory for the Java Runtime Environment to continue.
# Native memory allocation (mmap) failed to map 268435456 bytes for G1 virtual space
# Possible reasons:
#   The system is out of physical RAM or swap space
#   The process is running with CompressedOops enabled, and the Java Heap may be blocking the growth of the native heap
# Possible solutions:
#   Reduce memory load on the system
#   Increase physical memory or swap space
#   Check if swap backing store is full
#   Decrease Java heap size (-Xmx/-Xms)
#   Decrease number of Java threads
#   Decrease Java thread stack sizes (-Xss)
#   Set larger code cache with -XX:ReservedCodeCacheSize=
#   JVM is running with Zero Based Compressed Oops mode in which the Java heap is
#     placed in the first 32GB address space. The Java Heap base address is the
#     maximum limit for the native heap growth. Please use -XX:HeapBaseMinAddress
#     to set the Java Heap base and to place the Java Heap above 32GB virtual address.
# This output file may be truncated or incomplete.
#
#  Out of Memory Error (os_windows.cpp:3769), pid=7560, tid=17216
#
# JRE version:  (17.0.6) (build )
# Java VM: OpenJDK 64-Bit Server VM (17.0.6+0-b2043.56-10027231, mixed mode, sharing, tiered, compressed oops, compressed class ptrs, g1 gc, windows-amd64)
# No core dump will be written. Minidumps are not enabled by default on client versions of Windows
#

---------------  S U M M A R Y ------------

Command Line: git4idea.http.GitAskPassApp Username for 'https://github.com': 

Host: AMD Ryzen 5 3600 6-Core Processor              , 12 cores, 15G,  Windows 11 , 64 bit Build 22621 (10.0.22621.2199)
Time: Wed Aug 30 11:07:24 2023 SE Asia Standard Time elapsed time: 0.015335 seconds (0d 0h 0m 0s)

---------------  T H R E A D  ---------------

Current thread (0x000002132329d4d0):  JavaThread "Unknown thread" [_thread_in_vm, id=17216, stack(0x0000008167b00000,0x0000008167c00000)]

Stack: [0x0000008167b00000,0x0000008167c00000]
Native frames: (J=compiled Java code, j=interpreted, Vv=VM code, C=native code)
V  [jvm.dll+0x683c9a]
V  [jvm.dll+0x8427a4]
V  [jvm.dll+0x843f9e]
V  [jvm.dll+0x844603]
V  [jvm.dll+0x249b75]
V  [jvm.dll+0x680b69]
V  [jvm.dll+0x67505a]
V  [jvm.dll+0x309acb]
V  [jvm.dll+0x310f86]
V  [jvm.dll+0x3608ee]
V  [jvm.dll+0x360b1f]
V  [jvm.dll+0x2dfbf8]
V  [jvm.dll+0x2e0b64]
V  [jvm.dll+0x814091]
V  [jvm.dll+0x36e6a1]
V  [jvm.dll+0x7f35cc]
V  [jvm.dll+0x3f0e8f]
V  [jvm.dll+0x3f29d1]
C  [jli.dll+0x526b]
C  [ucrtbase.dll+0x29363]
C  [KERNEL32.DLL+0x1257d]
C  [ntdll.dll+0x5aa78]


---------------  P R O C E S S  ---------------

Threads class SMR info:
_java_thread_list=0x00007ffad7dfc058, length=0, elements={
}

Java Threads: ( => current thread )

Other Threads:
  0x0000021323309ae0 GCTaskThread "GC Thread#0" [stack: 0x0000008167c00000,0x0000008167d00000] [id=11600]
  0x000002132331c990 ConcurrentGCThread "G1 Main Marker" [stack: 0x0000008167d00000,0x0000008167e00000] [id=18216]
  0x000002132331d3a0 ConcurrentGCThread "G1 Conc#0" [stack: 0x0000008167e00000,0x0000008167f00000] [id=14684]

[error occurred during error reporting (printing all threads), id 0xc0000005, EXCEPTION_ACCESS_VIOLATION (0xc0000005) at pc=0x00007ffad75b0797]

VM state: not at safepoint (not fully initialized)

VM Mutex/Monitor currently owned by a thread:  ([mutex/lock_event])
[0x0000021323299780] Heap_lock - owner thread: 0x000002132329d4d0

Heap address: 0x0000000700a00000, size: 4086 MB, Compressed Oops mode: Zero based, Oop shift amount: 3

CDS archive(s) mapped at: [0x0000000000000000-0x0000000000000000-0x0000000000000000), size 0, SharedBaseAddress: 0x0000000800000000, ArchiveRelocationMode: 0.
Narrow klass base: 0x0000000000000000, Narrow klass shift: 0, Narrow klass range: 0x0

GC Precious Log:
<Empty>

Heap:
 garbage-first heap   total 0K, used 0K [0x0000000700a00000, 0x0000000800000000)
  region size 2048K, 0 young (0K), 0 survivors (0K)

[error occurred during error reporting (printing heap information), id 0xc0000005, EXCEPTION_ACCESS_VIOLATION (0xc0000005) at pc=0x00007ffad799da89]

GC Heap History (0 events):
No events

Dll operation events (1 events):
Event: 0.008 Loaded shared library C:\Program Files\Android\Android Studio\jbr\bin\java.dll

Deoptimization events (0 events):
No events

Classes unloaded (0 events):
No events

Classes redefined (0 events):
No events

Internal exceptions (0 events):
No events

VM Operations (0 events):
No events

Events (0 events):
No events


Dynamic libraries:
0x00007ff7f0b20000 - 0x00007ff7f0b2a000 	C:\Program Files\Android\Android Studio\jbr\bin\java.exe
0x00007ffb334d0000 - 0x00007ffb336e5000 	C:\WINDOWS\SYSTEM32\ntdll.dll
0x00007ffb32050000 - 0x00007ffb32114000 	C:\WINDOWS\System32\KERNEL32.DLL
0x00007ffb30d70000 - 0x00007ffb31115000 	C:\WINDOWS\System32\KERNELBASE.dll
0x00007ffb2dbd0000 - 0x00007ffb2dc67000 	C:\WINDOWS\SYSTEM32\apphelp.dll
0x00007ffb31120000 - 0x00007ffb31231000 	C:\WINDOWS\System32\ucrtbase.dll
0x00007ffb22020000 - 0x00007ffb2203b000 	C:\Program Files\Android\Android Studio\jbr\bin\VCRUNTIME140.dll
0x00007ffb181f0000 - 0x00007ffb18207000 	C:\Program Files\Android\Android Studio\jbr\bin\jli.dll
0x00007ffb317f0000 - 0x00007ffb3199e000 	C:\WINDOWS\System32\USER32.dll
0x00007ffb14f70000 - 0x00007ffb15203000 	C:\WINDOWS\WinSxS\amd64_microsoft.windows.common-controls_6595b64144ccf1df_6.0.22621.2191_none_2715cffb738043a6\COMCTL32.dll
0x00007ffb323e0000 - 0x00007ffb32487000 	C:\WINDOWS\System32\msvcrt.dll
0x00007ffb30860000 - 0x00007ffb30886000 	C:\WINDOWS\System32\win32u.dll
0x00007ffb317c0000 - 0x00007ffb317e9000 	C:\WINDOWS\System32\GDI32.dll
0x00007ffb30a40000 - 0x00007ffb30b58000 	C:\WINDOWS\System32\gdi32full.dll
0x00007ffb30b60000 - 0x00007ffb30bfa000 	C:\WINDOWS\System32\msvcp_win.dll
0x00007ffb32490000 - 0x00007ffb324c1000 	C:\WINDOWS\System32\IMM32.DLL
0x00007ffb2dad0000 - 0x00007ffb2dadc000 	C:\Program Files\Android\Android Studio\jbr\bin\vcruntime140_1.dll
0x00007ffb0b330000 - 0x00007ffb0b3bd000 	C:\Program Files\Android\Android Studio\jbr\bin\msvcp140.dll
0x00007ffad72c0000 - 0x00007ffad7f2e000 	C:\Program Files\Android\Android Studio\jbr\bin\server\jvm.dll
0x00007ffb32330000 - 0x00007ffb323e0000 	C:\WINDOWS\System32\ADVAPI32.dll
0x00007ffb31f90000 - 0x00007ffb32036000 	C:\WINDOWS\System32\sechost.dll
0x00007ffb31a50000 - 0x00007ffb31b67000 	C:\WINDOWS\System32\RPCRT4.dll
0x00007ffb2dba0000 - 0x00007ffb2dba9000 	C:\WINDOWS\SYSTEM32\WSOCK32.dll
0x00007ffb32140000 - 0x00007ffb321b1000 	C:\WINDOWS\System32\WS2_32.dll
0x00007ffb28710000 - 0x00007ffb2871a000 	C:\WINDOWS\SYSTEM32\VERSION.dll
0x00007ffb29380000 - 0x00007ffb293b4000 	C:\WINDOWS\SYSTEM32\WINMM.dll
0x00007ffb2f800000 - 0x00007ffb2f818000 	C:\WINDOWS\SYSTEM32\kernel.appcore.dll
0x00007ffb2b0e0000 - 0x00007ffb2b0ea000 	C:\Program Files\Android\Android Studio\jbr\bin\jimage.dll
0x00007ffb21050000 - 0x00007ffb2127e000 	C:\WINDOWS\SYSTEM32\DBGHELP.DLL
0x00007ffb31240000 - 0x00007ffb315ca000 	C:\WINDOWS\System32\combase.dll
0x00007ffb32b60000 - 0x00007ffb32c37000 	C:\WINDOWS\System32\OLEAUT32.dll
0x00007ffb17ae0000 - 0x00007ffb17b12000 	C:\WINDOWS\SYSTEM32\dbgcore.DLL
0x00007ffb309c0000 - 0x00007ffb30a3a000 	C:\WINDOWS\System32\bcryptPrimitives.dll
0x00007ffb21df0000 - 0x00007ffb21e15000 	C:\Program Files\Android\Android Studio\jbr\bin\java.dll

dbghelp: loaded successfully - version: 4.0.5 - missing functions: none
symbol engine: initialized successfully - sym options: 0x614 - pdb path: .;C:\Program Files\Android\Android Studio\jbr\bin;C:\WINDOWS\SYSTEM32;C:\WINDOWS\WinSxS\amd64_microsoft.windows.common-controls_6595b64144ccf1df_6.0.22621.2191_none_2715cffb738043a6;C:\Program Files\Android\Android Studio\jbr\bin\server

VM Arguments:
java_command: git4idea.http.GitAskPassApp Username for 'https://github.com': 
java_class_path (initial): C:/Program Files/Android/Android Studio/plugins/vcs-git/lib/git4idea-rt.jar;C:/Program Files/Android/Android Studio/lib/externalProcess-rt.jar;C:/Program Files/Android/Android Studio/lib/app.jar;C:/Program Files/Android/Android Studio/lib/3rd-party-rt.jar
Launcher Type: SUN_STANDARD

[Global flags]
     intx CICompilerCount                          = 4                                         {product} {ergonomic}
     uint ConcGCThreads                            = 3                                         {product} {ergonomic}
     uint G1ConcRefinementThreads                  = 10                                        {product} {ergonomic}
   size_t G1HeapRegionSize                         = 2097152                                   {product} {ergonomic}
    uintx GCDrainStackTargetSize                   = 64                                        {product} {ergonomic}
   size_t InitialHeapSize                          = 268435456                                 {product} {ergonomic}
   size_t MarkStackSize                            = 4194304                                   {product} {ergonomic}
   size_t MaxHeapSize                              = 4284481536                                {product} {ergonomic}
   size_t MinHeapDeltaBytes                        = 2097152                                   {product} {ergonomic}
   size_t MinHeapSize                              = 8388608                                   {product} {ergonomic}
    uintx NonNMethodCodeHeapSize                   = 5839372                                {pd product} {ergonomic}
    uintx NonProfiledCodeHeapSize                  = 122909434                              {pd product} {ergonomic}
    uintx ProfiledCodeHeapSize                     = 122909434                              {pd product} {ergonomic}
    uintx ReservedCodeCacheSize                    = 251658240                              {pd product} {ergonomic}
     bool SegmentedCodeCache                       = true                                      {product} {ergonomic}
   size_t SoftMaxHeapSize                          = 4284481536                             {manageable} {ergonomic}
     bool UseCompressedClassPointers               = true                           {product lp64_product} {ergonomic}
     bool UseCompressedOops                        = true                           {product lp64_product} {ergonomic}
     bool UseG1GC                                  = true                                      {product} {ergonomic}
     bool UseLargePagesIndividualAllocation        = false                                  {pd product} {ergonomic}

Logging:
Log output configuration:
 #0: stdout all=warning uptime,level,tags
 #1: stderr all=off uptime,level,tags

Environment Variables:
JAVA_HOME=C:\Program Files\Microsoft\jdk-11.0.18.10-hotspot\
PATH=C:/Program Files/Git/mingw64/libexec/git-core;C:/Program Files/Git/mingw64/libexec/git-core;C:\Program Files\Git\mingw64\bin;C:\Program Files\Git\usr\bin;C:\Users\maxza\bin;C:\Program Files\Microsoft\jdk-11.0.18.10-hotspot\bin;C:\Program Files (x86)\Common Files\Oracle\Java\javapath;C:\WINDOWS\system32;C:\WINDOWS;C:\WINDOWS\System32\Wbem;C:\WINDOWS\System32\WindowsPowerShell\v1.0\;C:\WINDOWS\System32\OpenSSH\;C:\Program Files\Microsoft SQL Server\150\Tools\Binn\;C:\Users\maxza\AppData\Local\Programs\Python\Python311;D:\xampp\php;C:\Program Files\Git\cmd;C:\Program Files\NVIDIA Corporation\NVIDIA NvDLISR;C:\Program Files (x86)\NVIDIA Corporation\PhysX\Common;C:\ProgramData\chocolatey\bin;C:\ProgramData\ComposerSetup\bin;C:\Program Files\PuTTY\;C:\Program Files\Cloudflare\Cloudflare WARP\;C:\Program Files\nodejs\;C:\Program Files\MongoDB\Server\6.0\bin;C:\Users\maxza\scoop\shims; C:\Users\maxza\scoop\apps\openssl\current\bin; C:\Program Files\Microsoft\jdk-11.0.18.10-hotspot\bin;C:\Program Files (x86)\Common Files\Oracle\Java\javapath;C:\WINDOWS\system32;C:\WINDOWS;C:\WINDOWS\System32\Wbem;C:\WINDOWS\System32\WindowsPowerShell\v1.0\;C:\WINDOWS\System32\OpenSSH\;C:\Program Files\Microsoft SQL Server\150\Tools\Binn\;C:\Users\maxza\AppData\Local\Programs\Python\Python311;D:\xampp\php;C:\Program Files\Git\cmd;C:\Program Files\NVIDIA Corporation\NVIDIA NvDLISR;C:\Program Files (x86)\NVIDIA Corporation\PhysX\Common;C:\Program Files\nodejs\;C:\ProgramData\chocolatey\bin;C:\ProgramData\ComposerSetup\bin;C:\Users\maxza\scoop\shims; C:\Users\maxza\scoop\apps\openssl\current\bin; C:\Users\maxza\scoop\shims;C:\Program Files\Microsoft\jdk-11.0.18.10-hotspot\bin;C:\Program Files (x86)\Common Files\Oracle\Java\javapath;C:\WINDOWS\system32;C:\WINDOWS;C:\WINDOWS\System32\Wbem;C:\WINDOWS\System32\WindowsPowerShell\v1.0\;C:\WINDOWS\System32\OpenSSH\;C:\Program Files\Microsoft SQL Server\150\Tools\Binn\;C:\Users\maxza\AppData\Local\Programs\Python\Python311;D:\xampp\php;C:\Program File
USERNAME=maxza
DISPLAY=:0.0
LC_ALL=en_US.UTF-8
TERM=xterm-256color
TMPDIR=C:\Users\maxza\AppData\Local\Temp
OS=Windows_NT
PROCESSOR_IDENTIFIER=AMD64 Family 23 Model 113 Stepping 0, AuthenticAMD
TMP=C:\Users\maxza\AppData\Local\Temp
TEMP=C:\Users\maxza\AppData\Local\Temp


JNI global refs:

[error occurred during error reporting (JNI global references), id 0xc0000005, EXCEPTION_ACCESS_VIOLATION (0xc0000005) at pc=0x00007ffad7377a10]


---------------  S Y S T E M  ---------------

OS:
 Windows 11 , 64 bit Build 22621 (10.0.22621.2199)
OS uptime: 2 days 3:07 hours
Hyper-V role detected

CPU: total 12 (initial active 12) (12 cores per cpu, 2 threads per core) family 23 model 113 stepping 0 microcode 0x0, cx8, cmov, fxsr, ht, mmx, 3dnowpref, sse, sse2, sse3, ssse3, sse4a, sse4.1, sse4.2, popcnt, lzcnt, tsc, tscinvbit, avx, avx2, aes, clmul, bmi1, bmi2, adx, sha, fma, vzeroupper, clflush, clflushopt, hv

Memory: 4k page, system-wide physical 16336M (1607M free)
TotalPageFile size 18384M (AvailPageFile size 181M)
current process WorkingSet (physical memory assigned to process): 12M, peak: 12M
current process commit charge ("private bytes"): 64M, peak: 320M

vm_info: OpenJDK 64-Bit Server VM (17.0.6+0-b2043.56-10027231) for windows-amd64 JRE (17.0.6+0-b2043.56-10027231), built on Apr 28 2023 00:43:19 by "androidbuild" with MS VC++ 16.10 / 16.11 (VS2019)

END.
